[4157]  warn @0.000046> 
***************************************************************************
* IMPORTANT NOTE: Dancer::Plugin::Auth::Extensible 0.30                   *
*                                                                         *
* This version of DPAE contains backwards-incompatible API changes,       *
* replacing the subroutine-attributes based approach of previous versions *
* with new keywords.                                                      *
*                                                                         *
* Please see http://advent.perldancer.org/2012/16 for details.            *
***************************************************************************
 in /home/despertar/perl5/perlbrew/perls/perl-5.16.3/lib/site_perl/5.16.3/Dancer/Plugin/Auth/Extensible.pm l. 20
[4165]  warn @0.000077> 
***************************************************************************
* IMPORTANT NOTE: Dancer::Plugin::Auth::Extensible 0.30                   *
*                                                                         *
* This version of DPAE contains backwards-incompatible API changes,       *
* replacing the subroutine-attributes based approach of previous versions *
* with new keywords.                                                      *
*                                                                         *
* Please see http://advent.perldancer.org/2012/16 for details.            *
***************************************************************************
 in /home/despertar/perl5/perlbrew/perls/perl-5.16.3/lib/site_perl/5.16.3/Dancer/Plugin/Auth/Extensible.pm l. 20
[4235]  warn @0.000023> 
***************************************************************************
* IMPORTANT NOTE: Dancer::Plugin::Auth::Extensible 0.30                   *
*                                                                         *
* This version of DPAE contains backwards-incompatible API changes,       *
* replacing the subroutine-attributes based approach of previous versions *
* with new keywords.                                                      *
*                                                                         *
* Please see http://advent.perldancer.org/2012/16 for details.            *
***************************************************************************
 in /home/despertar/perl5/perlbrew/perls/perl-5.16.3/lib/site_perl/5.16.3/Dancer/Plugin/Auth/Extensible.pm l. 20
[4288]  warn @0.000042> 
***************************************************************************
* IMPORTANT NOTE: Dancer::Plugin::Auth::Extensible 0.30                   *
*                                                                         *
* This version of DPAE contains backwards-incompatible API changes,       *
* replacing the subroutine-attributes based approach of previous versions *
* with new keywords.                                                      *
*                                                                         *
* Please see http://advent.perldancer.org/2012/16 for details.            *
***************************************************************************
 in /home/despertar/perl5/perlbrew/perls/perl-5.16.3/lib/site_perl/5.16.3/Dancer/Plugin/Auth/Extensible.pm l. 20
[4290]  warn @0.000108> 
***************************************************************************
* IMPORTANT NOTE: Dancer::Plugin::Auth::Extensible 0.30                   *
*                                                                         *
* This version of DPAE contains backwards-incompatible API changes,       *
* replacing the subroutine-attributes based approach of previous versions *
* with new keywords.                                                      *
*                                                                         *
* Please see http://advent.perldancer.org/2012/16 for details.            *
***************************************************************************
 in /home/despertar/perl5/perlbrew/perls/perl-5.16.3/lib/site_perl/5.16.3/Dancer/Plugin/Auth/Extensible.pm l. 20
[4320]  warn @0.000107> 
***************************************************************************
* IMPORTANT NOTE: Dancer::Plugin::Auth::Extensible 0.30                   *
*                                                                         *
* This version of DPAE contains backwards-incompatible API changes,       *
* replacing the subroutine-attributes based approach of previous versions *
* with new keywords.                                                      *
*                                                                         *
* Please see http://advent.perldancer.org/2012/16 for details.            *
***************************************************************************
 in /home/despertar/perl5/perlbrew/perls/perl-5.16.3/lib/site_perl/5.16.3/Dancer/Plugin/Auth/Extensible.pm l. 20
[4322]  warn @0.000057> 
***************************************************************************
* IMPORTANT NOTE: Dancer::Plugin::Auth::Extensible 0.30                   *
*                                                                         *
* This version of DPAE contains backwards-incompatible API changes,       *
* replacing the subroutine-attributes based approach of previous versions *
* with new keywords.                                                      *
*                                                                         *
* Please see http://advent.perldancer.org/2012/16 for details.            *
***************************************************************************
 in /home/despertar/perl5/perlbrew/perls/perl-5.16.3/lib/site_perl/5.16.3/Dancer/Plugin/Auth/Extensible.pm l. 20
[4328]  warn @0.000046> 
***************************************************************************
* IMPORTANT NOTE: Dancer::Plugin::Auth::Extensible 0.30                   *
*                                                                         *
* This version of DPAE contains backwards-incompatible API changes,       *
* replacing the subroutine-attributes based approach of previous versions *
* with new keywords.                                                      *
*                                                                         *
* Please see http://advent.perldancer.org/2012/16 for details.            *
***************************************************************************
 in /home/despertar/perl5/perlbrew/perls/perl-5.16.3/lib/site_perl/5.16.3/Dancer/Plugin/Auth/Extensible.pm l. 20
[4333]  warn @0.000048> 
***************************************************************************
* IMPORTANT NOTE: Dancer::Plugin::Auth::Extensible 0.30                   *
*                                                                         *
* This version of DPAE contains backwards-incompatible API changes,       *
* replacing the subroutine-attributes based approach of previous versions *
* with new keywords.                                                      *
*                                                                         *
* Please see http://advent.perldancer.org/2012/16 for details.            *
***************************************************************************
 in /home/despertar/perl5/perlbrew/perls/perl-5.16.3/lib/site_perl/5.16.3/Dancer/Plugin/Auth/Extensible.pm l. 20
[4335]  warn @0.000047> 
***************************************************************************
* IMPORTANT NOTE: Dancer::Plugin::Auth::Extensible 0.30                   *
*                                                                         *
* This version of DPAE contains backwards-incompatible API changes,       *
* replacing the subroutine-attributes based approach of previous versions *
* with new keywords.                                                      *
*                                                                         *
* Please see http://advent.perldancer.org/2012/16 for details.            *
***************************************************************************
 in /home/despertar/perl5/perlbrew/perls/perl-5.16.3/lib/site_perl/5.16.3/Dancer/Plugin/Auth/Extensible.pm l. 20
[4340]  warn @0.000075> 
***************************************************************************
* IMPORTANT NOTE: Dancer::Plugin::Auth::Extensible 0.30                   *
*                                                                         *
* This version of DPAE contains backwards-incompatible API changes,       *
* replacing the subroutine-attributes based approach of previous versions *
* with new keywords.                                                      *
*                                                                         *
* Please see http://advent.perldancer.org/2012/16 for details.            *
***************************************************************************
 in /home/despertar/perl5/perlbrew/perls/perl-5.16.3/lib/site_perl/5.16.3/Dancer/Plugin/Auth/Extensible.pm l. 20
[4342]  warn @0.000044> 
***************************************************************************
* IMPORTANT NOTE: Dancer::Plugin::Auth::Extensible 0.30                   *
*                                                                         *
* This version of DPAE contains backwards-incompatible API changes,       *
* replacing the subroutine-attributes based approach of previous versions *
* with new keywords.                                                      *
*                                                                         *
* Please see http://advent.perldancer.org/2012/16 for details.            *
***************************************************************************
 in /home/despertar/perl5/perlbrew/perls/perl-5.16.3/lib/site_perl/5.16.3/Dancer/Plugin/Auth/Extensible.pm l. 20
[4349]  warn @0.000043> 
***************************************************************************
* IMPORTANT NOTE: Dancer::Plugin::Auth::Extensible 0.30                   *
*                                                                         *
* This version of DPAE contains backwards-incompatible API changes,       *
* replacing the subroutine-attributes based approach of previous versions *
* with new keywords.                                                      *
*                                                                         *
* Please see http://advent.perldancer.org/2012/16 for details.            *
***************************************************************************
 in /home/despertar/perl5/perlbrew/perls/perl-5.16.3/lib/site_perl/5.16.3/Dancer/Plugin/Auth/Extensible.pm l. 20
[4357]  warn @0.000060> 
***************************************************************************
* IMPORTANT NOTE: Dancer::Plugin::Auth::Extensible 0.30                   *
*                                                                         *
* This version of DPAE contains backwards-incompatible API changes,       *
* replacing the subroutine-attributes based approach of previous versions *
* with new keywords.                                                      *
*                                                                         *
* Please see http://advent.perldancer.org/2012/16 for details.            *
***************************************************************************
 in /home/despertar/perl5/perlbrew/perls/perl-5.16.3/lib/site_perl/5.16.3/Dancer/Plugin/Auth/Extensible.pm l. 20
[4361]  warn @0.000058> 
***************************************************************************
* IMPORTANT NOTE: Dancer::Plugin::Auth::Extensible 0.30                   *
*                                                                         *
* This version of DPAE contains backwards-incompatible API changes,       *
* replacing the subroutine-attributes based approach of previous versions *
* with new keywords.                                                      *
*                                                                         *
* Please see http://advent.perldancer.org/2012/16 for details.            *
***************************************************************************
 in /home/despertar/perl5/perlbrew/perls/perl-5.16.3/lib/site_perl/5.16.3/Dancer/Plugin/Auth/Extensible.pm l. 20
[4362]  warn @0.000059> 
***************************************************************************
* IMPORTANT NOTE: Dancer::Plugin::Auth::Extensible 0.30                   *
*                                                                         *
* This version of DPAE contains backwards-incompatible API changes,       *
* replacing the subroutine-attributes based approach of previous versions *
* with new keywords.                                                      *
*                                                                         *
* Please see http://advent.perldancer.org/2012/16 for details.            *
***************************************************************************
 in /home/despertar/perl5/perlbrew/perls/perl-5.16.3/lib/site_perl/5.16.3/Dancer/Plugin/Auth/Extensible.pm l. 20
[4381]  warn @0.000049> 
***************************************************************************
* IMPORTANT NOTE: Dancer::Plugin::Auth::Extensible 0.30                   *
*                                                                         *
* This version of DPAE contains backwards-incompatible API changes,       *
* replacing the subroutine-attributes based approach of previous versions *
* with new keywords.                                                      *
*                                                                         *
* Please see http://advent.perldancer.org/2012/16 for details.            *
***************************************************************************
 in /home/despertar/perl5/perlbrew/perls/perl-5.16.3/lib/site_perl/5.16.3/Dancer/Plugin/Auth/Extensible.pm l. 20
[4383]  warn @0.000058> 
***************************************************************************
* IMPORTANT NOTE: Dancer::Plugin::Auth::Extensible 0.30                   *
*                                                                         *
* This version of DPAE contains backwards-incompatible API changes,       *
* replacing the subroutine-attributes based approach of previous versions *
* with new keywords.                                                      *
*                                                                         *
* Please see http://advent.perldancer.org/2012/16 for details.            *
***************************************************************************
 in /home/despertar/perl5/perlbrew/perls/perl-5.16.3/lib/site_perl/5.16.3/Dancer/Plugin/Auth/Extensible.pm l. 20
[4385]  warn @0.000058> 
***************************************************************************
* IMPORTANT NOTE: Dancer::Plugin::Auth::Extensible 0.30                   *
*                                                                         *
* This version of DPAE contains backwards-incompatible API changes,       *
* replacing the subroutine-attributes based approach of previous versions *
* with new keywords.                                                      *
*                                                                         *
* Please see http://advent.perldancer.org/2012/16 for details.            *
***************************************************************************
 in /home/despertar/perl5/perlbrew/perls/perl-5.16.3/lib/site_perl/5.16.3/Dancer/Plugin/Auth/Extensible.pm l. 20
[4392]  warn @0.000037> 
***************************************************************************
* IMPORTANT NOTE: Dancer::Plugin::Auth::Extensible 0.30                   *
*                                                                         *
* This version of DPAE contains backwards-incompatible API changes,       *
* replacing the subroutine-attributes based approach of previous versions *
* with new keywords.                                                      *
*                                                                         *
* Please see http://advent.perldancer.org/2012/16 for details.            *
***************************************************************************
 in /home/despertar/perl5/perlbrew/perls/perl-5.16.3/lib/site_perl/5.16.3/Dancer/Plugin/Auth/Extensible.pm l. 20
[4394]  warn @0.000058> 
***************************************************************************
* IMPORTANT NOTE: Dancer::Plugin::Auth::Extensible 0.30                   *
*                                                                         *
* This version of DPAE contains backwards-incompatible API changes,       *
* replacing the subroutine-attributes based approach of previous versions *
* with new keywords.                                                      *
*                                                                         *
* Please see http://advent.perldancer.org/2012/16 for details.            *
***************************************************************************
 in /home/despertar/perl5/perlbrew/perls/perl-5.16.3/lib/site_perl/5.16.3/Dancer/Plugin/Auth/Extensible.pm l. 20
[4400]  warn @0.000064> 
***************************************************************************
* IMPORTANT NOTE: Dancer::Plugin::Auth::Extensible 0.30                   *
*                                                                         *
* This version of DPAE contains backwards-incompatible API changes,       *
* replacing the subroutine-attributes based approach of previous versions *
* with new keywords.                                                      *
*                                                                         *
* Please see http://advent.perldancer.org/2012/16 for details.            *
***************************************************************************
 in /home/despertar/perl5/perlbrew/perls/perl-5.16.3/lib/site_perl/5.16.3/Dancer/Plugin/Auth/Extensible.pm l. 20
[4430]  warn @0.000038> 
***************************************************************************
* IMPORTANT NOTE: Dancer::Plugin::Auth::Extensible 0.30                   *
*                                                                         *
* This version of DPAE contains backwards-incompatible API changes,       *
* replacing the subroutine-attributes based approach of previous versions *
* with new keywords.                                                      *
*                                                                         *
* Please see http://advent.perldancer.org/2012/16 for details.            *
***************************************************************************
 in /home/despertar/perl5/perlbrew/perls/perl-5.16.3/lib/site_perl/5.16.3/Dancer/Plugin/Auth/Extensible.pm l. 20
[4440]  warn @0.000054> 
***************************************************************************
* IMPORTANT NOTE: Dancer::Plugin::Auth::Extensible 0.30                   *
*                                                                         *
* This version of DPAE contains backwards-incompatible API changes,       *
* replacing the subroutine-attributes based approach of previous versions *
* with new keywords.                                                      *
*                                                                         *
* Please see http://advent.perldancer.org/2012/16 for details.            *
***************************************************************************
 in /home/despertar/perl5/perlbrew/perls/perl-5.16.3/lib/site_perl/5.16.3/Dancer/Plugin/Auth/Extensible.pm l. 20
[4441]  warn @0.000036> 
***************************************************************************
* IMPORTANT NOTE: Dancer::Plugin::Auth::Extensible 0.30                   *
*                                                                         *
* This version of DPAE contains backwards-incompatible API changes,       *
* replacing the subroutine-attributes based approach of previous versions *
* with new keywords.                                                      *
*                                                                         *
* Please see http://advent.perldancer.org/2012/16 for details.            *
***************************************************************************
 in /home/despertar/perl5/perlbrew/perls/perl-5.16.3/lib/site_perl/5.16.3/Dancer/Plugin/Auth/Extensible.pm l. 20
[4447]  warn @0.000035> 
***************************************************************************
* IMPORTANT NOTE: Dancer::Plugin::Auth::Extensible 0.30                   *
*                                                                         *
* This version of DPAE contains backwards-incompatible API changes,       *
* replacing the subroutine-attributes based approach of previous versions *
* with new keywords.                                                      *
*                                                                         *
* Please see http://advent.perldancer.org/2012/16 for details.            *
***************************************************************************
 in /home/despertar/perl5/perlbrew/perls/perl-5.16.3/lib/site_perl/5.16.3/Dancer/Plugin/Auth/Extensible.pm l. 20
[4449]  warn @0.000039> 
***************************************************************************
* IMPORTANT NOTE: Dancer::Plugin::Auth::Extensible 0.30                   *
*                                                                         *
* This version of DPAE contains backwards-incompatible API changes,       *
* replacing the subroutine-attributes based approach of previous versions *
* with new keywords.                                                      *
*                                                                         *
* Please see http://advent.perldancer.org/2012/16 for details.            *
***************************************************************************
 in /home/despertar/perl5/perlbrew/perls/perl-5.16.3/lib/site_perl/5.16.3/Dancer/Plugin/Auth/Extensible.pm l. 20
[4453]  warn @0.000043> 
***************************************************************************
* IMPORTANT NOTE: Dancer::Plugin::Auth::Extensible 0.30                   *
*                                                                         *
* This version of DPAE contains backwards-incompatible API changes,       *
* replacing the subroutine-attributes based approach of previous versions *
* with new keywords.                                                      *
*                                                                         *
* Please see http://advent.perldancer.org/2012/16 for details.            *
***************************************************************************
 in /home/despertar/perl5/perlbrew/perls/perl-5.16.3/lib/site_perl/5.16.3/Dancer/Plugin/Auth/Extensible.pm l. 20
[4455]  warn @0.000015> 
***************************************************************************
* IMPORTANT NOTE: Dancer::Plugin::Auth::Extensible 0.30                   *
*                                                                         *
* This version of DPAE contains backwards-incompatible API changes,       *
* replacing the subroutine-attributes based approach of previous versions *
* with new keywords.                                                      *
*                                                                         *
* Please see http://advent.perldancer.org/2012/16 for details.            *
***************************************************************************
 in /home/despertar/perl5/perlbrew/perls/perl-5.16.3/lib/site_perl/5.16.3/Dancer/Plugin/Auth/Extensible.pm l. 20
[4458]  warn @0.000042> 
***************************************************************************
* IMPORTANT NOTE: Dancer::Plugin::Auth::Extensible 0.30                   *
*                                                                         *
* This version of DPAE contains backwards-incompatible API changes,       *
* replacing the subroutine-attributes based approach of previous versions *
* with new keywords.                                                      *
*                                                                         *
* Please see http://advent.perldancer.org/2012/16 for details.            *
***************************************************************************
 in /home/despertar/perl5/perlbrew/perls/perl-5.16.3/lib/site_perl/5.16.3/Dancer/Plugin/Auth/Extensible.pm l. 20
[4620]  warn @0.000075> 
***************************************************************************
* IMPORTANT NOTE: Dancer::Plugin::Auth::Extensible 0.30                   *
*                                                                         *
* This version of DPAE contains backwards-incompatible API changes,       *
* replacing the subroutine-attributes based approach of previous versions *
* with new keywords.                                                      *
*                                                                         *
* Please see http://advent.perldancer.org/2012/16 for details.            *
***************************************************************************
 in /home/despertar/perl5/perlbrew/perls/perl-5.16.3/lib/site_perl/5.16.3/Dancer/Plugin/Auth/Extensible.pm l. 20
[4627]  warn @0.000044> 
***************************************************************************
* IMPORTANT NOTE: Dancer::Plugin::Auth::Extensible 0.30                   *
*                                                                         *
* This version of DPAE contains backwards-incompatible API changes,       *
* replacing the subroutine-attributes based approach of previous versions *
* with new keywords.                                                      *
*                                                                         *
* Please see http://advent.perldancer.org/2012/16 for details.            *
***************************************************************************
 in /home/despertar/perl5/perlbrew/perls/perl-5.16.3/lib/site_perl/5.16.3/Dancer/Plugin/Auth/Extensible.pm l. 20
[4630]  warn @0.000091> 
***************************************************************************
* IMPORTANT NOTE: Dancer::Plugin::Auth::Extensible 0.30                   *
*                                                                         *
* This version of DPAE contains backwards-incompatible API changes,       *
* replacing the subroutine-attributes based approach of previous versions *
* with new keywords.                                                      *
*                                                                         *
* Please see http://advent.perldancer.org/2012/16 for details.            *
***************************************************************************
 in /home/despertar/perl5/perlbrew/perls/perl-5.16.3/lib/site_perl/5.16.3/Dancer/Plugin/Auth/Extensible.pm l. 20
[4633]  warn @0.000210> 
***************************************************************************
* IMPORTANT NOTE: Dancer::Plugin::Auth::Extensible 0.30                   *
*                                                                         *
* This version of DPAE contains backwards-incompatible API changes,       *
* replacing the subroutine-attributes based approach of previous versions *
* with new keywords.                                                      *
*                                                                         *
* Please see http://advent.perldancer.org/2012/16 for details.            *
***************************************************************************
 in /home/despertar/perl5/perlbrew/perls/perl-5.16.3/lib/site_perl/5.16.3/Dancer/Plugin/Auth/Extensible.pm l. 20
[4724]  warn @0.000022> 
***************************************************************************
* IMPORTANT NOTE: Dancer::Plugin::Auth::Extensible 0.30                   *
*                                                                         *
* This version of DPAE contains backwards-incompatible API changes,       *
* replacing the subroutine-attributes based approach of previous versions *
* with new keywords.                                                      *
*                                                                         *
* Please see http://advent.perldancer.org/2012/16 for details.            *
***************************************************************************
 in /home/despertar/perl5/perlbrew/perls/perl-5.16.3/lib/site_perl/5.16.3/Dancer/Plugin/Auth/Extensible.pm l. 20
[4742]  warn @0.000040> 
***************************************************************************
* IMPORTANT NOTE: Dancer::Plugin::Auth::Extensible 0.30                   *
*                                                                         *
* This version of DPAE contains backwards-incompatible API changes,       *
* replacing the subroutine-attributes based approach of previous versions *
* with new keywords.                                                      *
*                                                                         *
* Please see http://advent.perldancer.org/2012/16 for details.            *
***************************************************************************
 in /home/despertar/perl5/perlbrew/perls/perl-5.16.3/lib/site_perl/5.16.3/Dancer/Plugin/Auth/Extensible.pm l. 20
[4764]  warn @0.000052> 
***************************************************************************
* IMPORTANT NOTE: Dancer::Plugin::Auth::Extensible 0.30                   *
*                                                                         *
* This version of DPAE contains backwards-incompatible API changes,       *
* replacing the subroutine-attributes based approach of previous versions *
* with new keywords.                                                      *
*                                                                         *
* Please see http://advent.perldancer.org/2012/16 for details.            *
***************************************************************************
 in /home/despertar/perl5/perlbrew/perls/perl-5.16.3/lib/site_perl/5.16.3/Dancer/Plugin/Auth/Extensible.pm l. 20
[4863]  warn @0.000034> 
***************************************************************************
* IMPORTANT NOTE: Dancer::Plugin::Auth::Extensible 0.30                   *
*                                                                         *
* This version of DPAE contains backwards-incompatible API changes,       *
* replacing the subroutine-attributes based approach of previous versions *
* with new keywords.                                                      *
*                                                                         *
* Please see http://advent.perldancer.org/2012/16 for details.            *
***************************************************************************
 in /home/despertar/perl5/perlbrew/perls/perl-5.16.3/lib/site_perl/5.16.3/Dancer/Plugin/Auth/Extensible.pm l. 20
[4868]  warn @0.000042> 
***************************************************************************
* IMPORTANT NOTE: Dancer::Plugin::Auth::Extensible 0.30                   *
*                                                                         *
* This version of DPAE contains backwards-incompatible API changes,       *
* replacing the subroutine-attributes based approach of previous versions *
* with new keywords.                                                      *
*                                                                         *
* Please see http://advent.perldancer.org/2012/16 for details.            *
***************************************************************************
 in /home/despertar/perl5/perlbrew/perls/perl-5.16.3/lib/site_perl/5.16.3/Dancer/Plugin/Auth/Extensible.pm l. 20
[4904]  warn @0.000033> 
***************************************************************************
* IMPORTANT NOTE: Dancer::Plugin::Auth::Extensible 0.30                   *
*                                                                         *
* This version of DPAE contains backwards-incompatible API changes,       *
* replacing the subroutine-attributes based approach of previous versions *
* with new keywords.                                                      *
*                                                                         *
* Please see http://advent.perldancer.org/2012/16 for details.            *
***************************************************************************
 in /home/despertar/perl5/perlbrew/perls/perl-5.16.3/lib/site_perl/5.16.3/Dancer/Plugin/Auth/Extensible.pm l. 20
[4908]  warn @0.000044> 
***************************************************************************
* IMPORTANT NOTE: Dancer::Plugin::Auth::Extensible 0.30                   *
*                                                                         *
* This version of DPAE contains backwards-incompatible API changes,       *
* replacing the subroutine-attributes based approach of previous versions *
* with new keywords.                                                      *
*                                                                         *
* Please see http://advent.perldancer.org/2012/16 for details.            *
***************************************************************************
 in /home/despertar/perl5/perlbrew/perls/perl-5.16.3/lib/site_perl/5.16.3/Dancer/Plugin/Auth/Extensible.pm l. 20
[4914]  warn @0.000046> 
***************************************************************************
* IMPORTANT NOTE: Dancer::Plugin::Auth::Extensible 0.30                   *
*                                                                         *
* This version of DPAE contains backwards-incompatible API changes,       *
* replacing the subroutine-attributes based approach of previous versions *
* with new keywords.                                                      *
*                                                                         *
* Please see http://advent.perldancer.org/2012/16 for details.            *
***************************************************************************
 in /home/despertar/perl5/perlbrew/perls/perl-5.16.3/lib/site_perl/5.16.3/Dancer/Plugin/Auth/Extensible.pm l. 20
[4925]  warn @0.000055> 
***************************************************************************
* IMPORTANT NOTE: Dancer::Plugin::Auth::Extensible 0.30                   *
*                                                                         *
* This version of DPAE contains backwards-incompatible API changes,       *
* replacing the subroutine-attributes based approach of previous versions *
* with new keywords.                                                      *
*                                                                         *
* Please see http://advent.perldancer.org/2012/16 for details.            *
***************************************************************************
 in /home/despertar/perl5/perlbrew/perls/perl-5.16.3/lib/site_perl/5.16.3/Dancer/Plugin/Auth/Extensible.pm l. 20
[4930]  warn @0.000043> 
***************************************************************************
* IMPORTANT NOTE: Dancer::Plugin::Auth::Extensible 0.30                   *
*                                                                         *
* This version of DPAE contains backwards-incompatible API changes,       *
* replacing the subroutine-attributes based approach of previous versions *
* with new keywords.                                                      *
*                                                                         *
* Please see http://advent.perldancer.org/2012/16 for details.            *
***************************************************************************
 in /home/despertar/perl5/perlbrew/perls/perl-5.16.3/lib/site_perl/5.16.3/Dancer/Plugin/Auth/Extensible.pm l. 20
[4939]  warn @0.000045> 
***************************************************************************
* IMPORTANT NOTE: Dancer::Plugin::Auth::Extensible 0.30                   *
*                                                                         *
* This version of DPAE contains backwards-incompatible API changes,       *
* replacing the subroutine-attributes based approach of previous versions *
* with new keywords.                                                      *
*                                                                         *
* Please see http://advent.perldancer.org/2012/16 for details.            *
***************************************************************************
 in /home/despertar/perl5/perlbrew/perls/perl-5.16.3/lib/site_perl/5.16.3/Dancer/Plugin/Auth/Extensible.pm l. 20
[4944]  warn @0.005233> 
***************************************************************************
* IMPORTANT NOTE: Dancer::Plugin::Auth::Extensible 0.30                   *
*                                                                         *
* This version of DPAE contains backwards-incompatible API changes,       *
* replacing the subroutine-attributes based approach of previous versions *
* with new keywords.                                                      *
*                                                                         *
* Please see http://advent.perldancer.org/2012/16 for details.            *
***************************************************************************
 in /home/despertar/perl5/perlbrew/perls/perl-5.16.3/lib/site_perl/5.16.3/Dancer/Plugin/Auth/Extensible.pm l. 20
[4946]  warn @0.000034> 
***************************************************************************
* IMPORTANT NOTE: Dancer::Plugin::Auth::Extensible 0.30                   *
*                                                                         *
* This version of DPAE contains backwards-incompatible API changes,       *
* replacing the subroutine-attributes based approach of previous versions *
* with new keywords.                                                      *
*                                                                         *
* Please see http://advent.perldancer.org/2012/16 for details.            *
***************************************************************************
 in /home/despertar/perl5/perlbrew/perls/perl-5.16.3/lib/site_perl/5.16.3/Dancer/Plugin/Auth/Extensible.pm l. 20
